[INFO  - 2017-05-15T15:17:29.222Z] GhostDriver - Main - running on port 55531
[INFO  - 2017-05-15T15:17:29.723Z] Session [9c7e3250-3981-11e7-ac65-eda7241aaadb] - page.settings - {"XSSAuditingEnabled":false,"javascriptCanCloseWindows":true,"javascriptCanOpenWindows":true,"javascriptEnabled":true,"loadImages":true,"localToRemoteUrlAccessEnabled":false,"userAgent":"Mozilla/5.0 (Macintosh; Intel Mac OS X) AppleWebKit/538.1 (KHTML, like Gecko) PhantomJS/2.1.1 Safari/538.1","webSecurityEnabled":true}
[INFO  - 2017-05-15T15:17:29.723Z] Session [9c7e3250-3981-11e7-ac65-eda7241aaadb] - page.customHeaders:  - {}
[INFO  - 2017-05-15T15:17:29.724Z] Session [9c7e3250-3981-11e7-ac65-eda7241aaadb] - Session.negotiatedCapabilities - {"browserName":"phantomjs","version":"2.1.1","driverName":"ghostdriver","driverVersion":"1.2.0","platform":"mac-unknown-64bit","javascriptEnabled":true,"takesScreenshot":true,"handlesAlerts":false,"databaseEnabled":false,"locationContextEnabled":false,"applicationCacheEnabled":false,"browserConnectionEnabled":false,"cssSelectorsEnabled":true,"webStorageEnabled":false,"rotatable":false,"acceptSslCerts":false,"nativeEvents":true,"proxy":{"proxyType":"direct"}}
[INFO  - 2017-05-15T15:17:29.724Z] SessionManagerReqHand - _postNewSessionCommand - New Session Created: 9c7e3250-3981-11e7-ac65-eda7241aaadb
[ERROR - 2017-05-15T15:17:34.888Z] Session [9c7e3250-3981-11e7-ac65-eda7241aaadb] - page.onError - msg: TypeError: undefined is not a constructor (evaluating 't.canPlayType(e)')

  phantomjs://platform/console++.js:263 in error
[ERROR - 2017-05-15T15:17:34.888Z] Session [9c7e3250-3981-11e7-ac65-eda7241aaadb] - page.onError - stack:
  (anonymous function) (https://abs.twimg.com/k/fr/init.fr.e06617e36ab8739fc6d9.js:33)
  some (:0)
  (anonymous function) (https://abs.twimg.com/k/fr/init.fr.e06617e36ab8739fc6d9.js:33)
  (anonymous function) (:0)
  hasVideoSupport (https://abs.twimg.com/k/fr/init.fr.e06617e36ab8739fc6d9.js:33)
  updateAddPhotoLabel (https://abs.twimg.com/k/fr/init.fr.e06617e36ab8739fc6d9.js:32)
  updateInterface (https://abs.twimg.com/k/fr/init.fr.e06617e36ab8739fc6d9.js:32)
  (anonymous function) (https://abs.twimg.com/k/fr/init.fr.e06617e36ab8739fc6d9.js:32)
  (anonymous function) (https://abs.twimg.com/k/fr/init.fr.e06617e36ab8739fc6d9.js:13)
  (anonymous function) (https://abs.twimg.com/k/fr/init.fr.e06617e36ab8739fc6d9.js:13)
  (anonymous function) (https://abs.twimg.com/k/fr/init.fr.e06617e36ab8739fc6d9.js:13)
  (anonymous function) (https://abs.twimg.com/k/fr/init.fr.e06617e36ab8739fc6d9.js:13)
  (anonymous function) (:0)
  each (https://abs.twimg.com/k/fr/init.fr.e06617e36ab8739fc6d9.js:1)
  each (https://abs.twimg.com/k/fr/init.fr.e06617e36ab8739fc6d9.js:1)
  c (https://abs.twimg.com/k/fr/init.fr.e06617e36ab8739fc6d9.js:13)
  attachChild (https://abs.twimg.com/k/fr/init.fr.e06617e36ab8739fc6d9.js:17)
  (anonymous function) (:0)
  (anonymous function) (https://abs.twimg.com/k/fr/init.fr.e06617e36ab8739fc6d9.js:17)
  (anonymous function) (https://abs.twimg.com/k/fr/init.fr.e06617e36ab8739fc6d9.js:13)
  (anonymous function) (https://abs.twimg.com/k/fr/init.fr.e06617e36ab8739fc6d9.js:31)
  (anonymous function) (https://abs.twimg.com/k/fr/init.fr.e06617e36ab8739fc6d9.js:13)
  (anonymous function) (https://abs.twimg.com/k/fr/init.fr.e06617e36ab8739fc6d9.js:13)
  (anonymous function) (https://abs.twimg.com/k/fr/init.fr.e06617e36ab8739fc6d9.js:13)
  (anonymous function) (https://abs.twimg.com/k/fr/init.fr.e06617e36ab8739fc6d9.js:13)
  (anonymous function) (https://abs.twimg.com/k/fr/init.fr.e06617e36ab8739fc6d9.js:13)
  (anonymous function) (https://abs.twimg.com/k/fr/init.fr.e06617e36ab8739fc6d9.js:13)
  (anonymous function) (https://abs.twimg.com/k/fr/init.fr.e06617e36ab8739fc6d9.js:13)
  (anonymous function) (https://abs.twimg.com/k/fr/init.fr.e06617e36ab8739fc6d9.js:13)
  (anonymous function) (https://abs.twimg.com/k/fr/init.fr.e06617e36ab8739fc6d9.js:13)
  (anonymous function) (https://abs.twimg.com/k/fr/init.fr.e06617e36ab8739fc6d9.js:13)
  (anonymous function) (https://abs.twimg.com/k/fr/init.fr.e06617e36ab8739fc6d9.js:13)
  (anonymous function) (https://abs.twimg.com/k/fr/init.fr.e06617e36ab8739fc6d9.js:13)
  (anonymous function) (https://abs.twimg.com/k/fr/init.fr.e06617e36ab8739fc6d9.js:13)
  (anonymous function) (:0)
  each (https://abs.twimg.com/k/fr/init.fr.e06617e36ab8739fc6d9.js:1)
  each (https://abs.twimg.com/k/fr/init.fr.e06617e36ab8739fc6d9.js:1)
  c (https://abs.twimg.com/k/fr/init.fr.e06617e36ab8739fc6d9.js:13)
  attachChild (https://abs.twimg.com/k/fr/init.fr.e06617e36ab8739fc6d9.js:17)
  (anonymous function) (:0)
  (anonymous function) (https://abs.twimg.com/k/fr/init.fr.e06617e36ab8739fc6d9.js:17)
  (anonymous function) (https://abs.twimg.com/k/fr/init.fr.e06617e36ab8739fc6d9.js:13)
  (anonymous function) (https://abs.twimg.com/k/fr/17.commons.fr.177b781259222013d0f0.js:3)
  (anonymous function) (https://abs.twimg.com/k/fr/init.fr.e06617e36ab8739fc6d9.js:13)
  (anonymous function) (https://abs.twimg.com/k/fr/init.fr.e06617e36ab8739fc6d9.js:13)
  (anonymous function) (https://abs.twimg.com/k/fr/init.fr.e06617e36ab8739fc6d9.js:13)
  (anonymous function) (https://abs.twimg.com/k/fr/init.fr.e06617e36ab8739fc6d9.js:13)
  (anonymous function) (https://abs.twimg.com/k/fr/init.fr.e06617e36ab8739fc6d9.js:13)
  (anonymous function) (:0)
  each (https://abs.twimg.com/k/fr/init.fr.e06617e36ab8739fc6d9.js:1)
  each (https://abs.twimg.com/k/fr/init.fr.e06617e36ab8739fc6d9.js:1)
  c (https://abs.twimg.com/k/fr/init.fr.e06617e36ab8739fc6d9.js:13)
  attachChild (https://abs.twimg.com/k/fr/init.fr.e06617e36ab8739fc6d9.js:17)
  (anonymous function) (:0)
  (anonymous function) (https://abs.twimg.com/k/fr/init.fr.e06617e36ab8739fc6d9.js:17)
  (anonymous function) (https://abs.twimg.com/k/fr/init.fr.e06617e36ab8739fc6d9.js:13)
  (anonymous function) (https://abs.twimg.com/k/fr/17.commons.fr.177b781259222013d0f0.js:3)
  (anonymous function) (https://abs.twimg.com/k/fr/init.fr.e06617e36ab8739fc6d9.js:13)
  (anonymous function) (https://abs.twimg.com/k/fr/init.fr.e06617e36ab8739fc6d9.js:13)
  (anonymous function) (https://abs.twimg.com/k/fr/init.fr.e06617e36ab8739fc6d9.js:13)
  (anonymous function) (:0)
  each (https://abs.twimg.com/k/fr/init.fr.e06617e36ab8739fc6d9.js:1)
  each (https://abs.twimg.com/k/fr/init.fr.e06617e36ab8739fc6d9.js:1)
  c (https://abs.twimg.com/k/fr/init.fr.e06617e36ab8739fc6d9.js:13)
  s (https://abs.twimg.com/k/fr/17.commons.fr.177b781259222013d0f0.js:2)
  exports (https://abs.twimg.com/k/fr/17.commons.fr.177b781259222013d0f0.js:1)
  exports (https://abs.twimg.com/k/fr/14.pages_profile.fr.cc61510a22c909df3941.js:3)
  exports (https://abs.twimg.com/k/fr/14.pages_profile.fr.cc61510a22c909df3941.js:56)
  (anonymous function) (https://abs.twimg.com/k/fr/init.fr.e06617e36ab8739fc6d9.js:44)
  forEach (:0)
  n (https://abs.twimg.com/k/fr/init.fr.e06617e36ab8739fc6d9.js:44)
  s (https://abs.twimg.com/k/fr/init.fr.e06617e36ab8739fc6d9.js:44)
  A (https://abs.twimg.com/k/fr/init.fr.e06617e36ab8739fc6d9.js:15)
  (anonymous function) (https://abs.twimg.com/k/fr/init.fr.e06617e36ab8739fc6d9.js:39)
  s (https://abs.twimg.com/k/fr/init.fr.e06617e36ab8739fc6d9.js:39)
  webpackJsonp (https://abs.twimg.com/k/fr/init.fr.e06617e36ab8739fc6d9.js:1)

  phantomjs://platform/console++.js:263 in error
[ERROR - 2017-05-15T15:17:37.113Z] WebElementLocator - _handleLocateCommand - Element(s) NOT Found: GAVE UP. Search Stop Time: 1494861457051

  phantomjs://platform/console++.js:263 in error
[ERROR - 2017-05-15T15:17:38.776Z] WebElementLocator - _handleLocateCommand - Element(s) NOT Found: GAVE UP. Search Stop Time: 1494861458716

  phantomjs://platform/console++.js:263 in error
[ERROR - 2017-05-15T15:17:40.215Z] WebElementLocator - _handleLocateCommand - Element(s) NOT Found: GAVE UP. Search Stop Time: 1494861460184

  phantomjs://platform/console++.js:263 in error
